2024-04-08 15:11:12,562 -this is fatal msg
2024-04-08 15:11:12,566 -this is error
2024-04-08 15:11:12,567 -This is warn
2024-04-08 15:11:12,567 -this is info
2024-04-08 15:11:12,567 -this is debug
2024-04-08 15:11:12,567 -this is trace
2024-04-08 15:11:12,567 -this is fatal msg2
2024-04-08 15:11:12,567 -this is error2
2024-04-08 15:11:12,567 -This is warn2
2024-04-08 15:11:12,567 -this is info2
2024-04-08 15:11:12,568 -this is debug2
2024-04-08 15:11:12,568 -this is trace2
2024-04-08 15:12:41,588 -this is fatal msg
2024-04-08 15:12:41,590 -this is error
2024-04-08 15:12:41,590 -This is warn
2024-04-08 15:12:41,590 -this is info
2024-04-08 15:12:41,590 -this is debug
2024-04-08 15:12:41,591 -this is trace
2024-04-08 15:12:41,591 -this is fatal msg2
2024-04-08 15:12:41,591 -this is error2
2024-04-08 15:12:41,591 -This is warn2
2024-04-08 15:12:41,591 -this is info2
2024-04-08 15:12:41,591 -this is debug2
2024-04-08 15:12:41,591 -this is trace2
